[2025-05-12 17:40:31] ✅ log.started
[2025-05-12 17:40:31] Project list refreshed.
[2025-05-12 17:40:31] Language changed: en
[2025-05-12 17:40:38] Lista de proyectos recargada.
[2025-05-12 17:40:38] Idioma cambiado: es
[2025-05-12 17:40:40] Project list refreshed.
[2025-05-12 17:40:40] Language changed: en
[2025-05-12 17:40:42] Lista de proyectos recargada.
[2025-05-12 17:40:42] Idioma cambiado: es
[2025-05-12 17:40:43] Project list refreshed.
[2025-05-12 17:40:43] Language changed: en
[2025-05-12 17:40:51] Lista de proyectos recargada.
[2025-05-12 17:40:51] Idioma cambiado: es
[2025-05-12 17:41:13] Carpeta por defecto establecida: C:/Workspace
[2025-05-13 09:17:23] ✅ log.started
[2025-05-13 09:17:23] Project list refreshed.
[2025-05-13 09:17:23] Language changed: en
[2025-05-13 09:17:30] Lista de proyectos recargada.
[2025-05-13 09:17:30] Idioma cambiado: es
[2025-05-13 09:17:32] Project list refreshed.
[2025-05-13 09:17:32] Language changed: en
[2025-05-13 09:17:33] Lista de proyectos recargada.
[2025-05-13 09:17:33] Idioma cambiado: es
[2025-05-13 09:17:51] Carpeta por defecto establecida: C:/Workspace
